<?xml version="1.0" encoding="UTF-8"?>
<!-- Generated by org.testng.reporters.JUnitXMLReporter -->
<testsuite hostname="ritika" name="Test" tests="12" failures="0" timestamp="9 Sep 2018 12:35:23 GMT" time="0.046" errors="0">
  <testcase name="div" time="0.01" classname="src.qa.test.demoTest"/>
  <testcase name="mul" time="0.0" classname="src.qa.test.demoTest"/>
  <testcase name="sub" time="0.001" classname="src.qa.test.demoTest"/>
  <testcase name="sum" time="0.001" classname="src.qa.test.demoTest"/>
  <testcase name="div" time="0.001" classname="src.qa.test.demoTest1"/>
  <testcase name="mul" time="0.0" classname="src.qa.test.demoTest1"/>
  <testcase name="sub" time="0.0" classname="src.qa.test.demoTest1"/>
  <testcase name="sum" time="0.0" classname="src.qa.test.demoTest1"/>
  <testcase name="div" time="0.001" classname="src.qa.test.demoTest2"/>
  <testcase name="mul" time="0.0" classname="src.qa.test.demoTest2"/>
  <testcase name="sub" time="0.0" classname="src.qa.test.demoTest2"/>
  <testcase name="sum" time="0.001" classname="src.qa.test.demoTest2"/>
</testsuite> <!-- Test -->
