<?xml version="1.0" encoding="UTF-8"?>
<testng-results skipped="0" failed="0" total="12" passed="12">
  <reporter-output>
  </reporter-output>
  <suite name="Suite" duration-ms="46" started-at="2018-09-09T12:35:23Z" finished-at="2018-09-09T12:35:23Z">
    <groups>
    </groups>
    <test name="Test" duration-ms="46" started-at="2018-09-09T12:35:23Z" finished-at="2018-09-09T12:35:23Z">
      <class name="src.qa.test.demoTest2">
        <test-method status="PASS" signature="div()[pri:0, instance:src.qa.test.demoTest2@6b2fad11]" name="div" duration-ms="1" started-at="2018-09-09T18:05:23Z" finished-at="2018-09-09T18:05:23Z">
          <reporter-output>
          </reporter-output>
        </test-method> <!-- div -->
        <test-method status="PASS" signature="mul()[pri:0, instance:src.qa.test.demoTest2@6b2fad11]" name="mul" duration-ms="0" started-at="2018-09-09T18:05:23Z" finished-at="2018-09-09T18:05:23Z">
          <reporter-output>
          </reporter-output>
        </test-method> <!-- mul -->
        <test-method status="PASS" signature="sub()[pri:0, instance:src.qa.test.demoTest2@6b2fad11]" name="sub" duration-ms="0" started-at="2018-09-09T18:05:23Z" finished-at="2018-09-09T18:05:23Z">
          <reporter-output>
          </reporter-output>
        </test-method> <!-- sub -->
        <test-method status="PASS" signature="sum()[pri:0, instance:src.qa.test.demoTest2@6b2fad11]" name="sum" duration-ms="1" started-at="2018-09-09T18:05:23Z" finished-at="2018-09-09T18:05:23Z">
          <reporter-output>
          </reporter-output>
        </test-method> <!-- sum -->
      </class> <!-- src.qa.test.demoTest2 -->
      <class name="src.qa.test.demoTest1">
        <test-method status="PASS" signature="div()[pri:0, instance:src.qa.test.demoTest1@79b4d0f]" name="div" duration-ms="1" started-at="2018-09-09T18:05:23Z" finished-at="2018-09-09T18:05:23Z">
          <reporter-output>
          </reporter-output>
        </test-method> <!-- div -->
        <test-method status="PASS" signature="mul()[pri:0, instance:src.qa.test.demoTest1@79b4d0f]" name="mul" duration-ms="0" started-at="2018-09-09T18:05:23Z" finished-at="2018-09-09T18:05:23Z">
          <reporter-output>
          </reporter-output>
        </test-method> <!-- mul -->
        <test-method status="PASS" signature="sub()[pri:0, instance:src.qa.test.demoTest1@79b4d0f]" name="sub" duration-ms="0" started-at="2018-09-09T18:05:23Z" finished-at="2018-09-09T18:05:23Z">
          <reporter-output>
          </reporter-output>
        </test-method> <!-- sub -->
        <test-method status="PASS" signature="sum()[pri:0, instance:src.qa.test.demoTest1@79b4d0f]" name="sum" duration-ms="0" started-at="2018-09-09T18:05:23Z" finished-at="2018-09-09T18:05:23Z">
          <reporter-output>
          </reporter-output>
        </test-method> <!-- sum -->
      </class> <!-- src.qa.test.demoTest1 -->
      <class name="src.qa.test.demoTest">
        <test-method status="PASS" signature="div()[pri:0, instance:src.qa.test.demoTest@2f7a2457]" name="div" duration-ms="10" started-at="2018-09-09T18:05:23Z" finished-at="2018-09-09T18:05:23Z">
          <reporter-output>
          </reporter-output>
        </test-method> <!-- div -->
        <test-method status="PASS" signature="mul()[pri:0, instance:src.qa.test.demoTest@2f7a2457]" name="mul" duration-ms="0" started-at="2018-09-09T18:05:23Z" finished-at="2018-09-09T18:05:23Z">
          <reporter-output>
          </reporter-output>
        </test-method> <!-- mul -->
        <test-method status="PASS" signature="sub()[pri:0, instance:src.qa.test.demoTest@2f7a2457]" name="sub" duration-ms="1" started-at="2018-09-09T18:05:23Z" finished-at="2018-09-09T18:05:23Z">
          <reporter-output>
          </reporter-output>
        </test-method> <!-- sub -->
        <test-method status="PASS" signature="sum()[pri:0, instance:src.qa.test.demoTest@2f7a2457]" name="sum" duration-ms="1" started-at="2018-09-09T18:05:23Z" finished-at="2018-09-09T18:05:23Z">
          <reporter-output>
          </reporter-output>
        </test-method> <!-- sum -->
      </class> <!-- src.qa.test.demoTest -->
    </test> <!-- Test -->
  </suite> <!-- Suite -->
</testng-results>
